<?xml version="1.0" encoding="UTF-8" ?>
<testsuite tests="3" failures="0" name="ru.sidorenko.app.service.DocumentServiceImplTest" time="0.029" errors="0" skipped="0">
  <properties>
    <property name="java.vendor" value="Eclipse OpenJ9"/>
    <property name="sun.java.launcher" value="SUN_STANDARD"/>
    <property name="os.name" value="Linux"/>
    <property name="sun.boot.class.path" value="/home/denis/.sdkman/candidates/java/8.0.265.j9-adpt/jre/lib/amd64/compressedrefs/jclSC180/vm.jar:/home/denis/.sdkman/candidates/java/8.0.265.j9-adpt/jre/lib/se-service.jar:/home/denis/.sdkman/candidates/java/8.0.265.j9-adpt/jre/lib/rt.jar:/home/denis/.sdkman/candidates/java/8.0.265.j9-adpt/jre/lib/resources.jar:/home/denis/.sdkman/candidates/java/8.0.265.j9-adpt/jre/lib/jsse.jar:/home/denis/.sdkman/candidates/java/8.0.265.j9-adpt/jre/lib/charsets.jar:/home/denis/.sdkman/candidates/java/8.0.265.j9-adpt/jre/lib/jce.jar"/>
    <property name="sun.desktop" value="gnome"/>
    <property name="java.vm.specification.vendor" value="Oracle Corporation"/>
    <property name="java.runtime.version" value="1.8.0_265-b01"/>
    <property name="user.name" value="denis"/>
    <property name="java.compiler" value="j9jit29"/>
    <property name="os.encoding" value="UTF-8"/>
    <property name="guice.disable.misplaced.annotation.check" value="true"/>
    <property name="com.ibm.util.extralibs.properties" value=""/>
    <property name="com.ibm.jcl.checkClassPath" value=""/>
    <property name="user.language" value="en"/>
    <property name="com.ibm.oti.vm.bootstrap.library.path" value="/home/denis/.sdkman/candidates/java/8.0.265.j9-adpt/jre/lib/amd64/compressedrefs:/home/denis/.sdkman/candidates/java/8.0.265.j9-adpt/jre/lib/amd64"/>
    <property name="idea.version" value="2020.2.1"/>
    <property name="sun.boot.library.path" value="/home/denis/.sdkman/candidates/java/8.0.265.j9-adpt/jre/lib/amd64/compressedrefs:/home/denis/.sdkman/candidates/java/8.0.265.j9-adpt/jre/lib/amd64"/>
    <property name="classworlds.conf" value="/app/extra/idea-IU/plugins/maven/lib/maven3/bin/m2.conf"/>
    <property name="jdk.extensions.version" value="8.0.265.0"/>
    <property name="java.version" value="1.8.0_265"/>
    <property name="user.timezone" value="Asia/Novosibirsk"/>
    <property name="com.ibm.system.agent.path" value="/home/denis/.sdkman/candidates/java/8.0.265.j9-adpt/jre/lib/amd64"/>
    <property name="sun.arch.data.model" value="64"/>
    <property name="com.ibm.zero.version" value="2"/>
    <property name="java.endorsed.dirs" value="/home/denis/.sdkman/candidates/java/8.0.265.j9-adpt/jre/lib/endorsed"/>
    <property name="com.ibm.oti.vm.library.version" value="29"/>
    <property name="sun.jnu.encoding" value="UTF-8"/>
    <property name="file.encoding.pkg" value="sun.io"/>
    <property name="file.separator" value="/"/>
    <property name="java.specification.name" value="Java Platform API Specification"/>
    <property name="maven.conf" value="/app/extra/idea-IU/plugins/maven/lib/maven3/conf"/>
    <property name="java.class.version" value="52.0"/>
    <property name="user.country" value="US"/>
    <property name="securerandom.source" value="file:/dev/./urandom"/>
    <property name="java.home" value="/home/denis/.sdkman/candidates/java/8.0.265.j9-adpt/jre"/>
    <property name="java.vm.info" value="JRE 1.8.0 Linux amd64-64-Bit Compressed References 20200728_727 (JIT enabled, AOT enabled)
OpenJ9   - 34cf4c075
OMR      - 113e54219
JCL      - c82ff0c20f based on jdk8u265-b01"/>
    <property name="os.version" value="5.4.0-45-generic"/>
    <property name="java.awt.fonts" value=""/>
    <property name="path.separator" value=":"/>
    <property name="java.vm.version" value="openj9-0.21.0"/>
    <property name="user.variant" value=""/>
    <property name="maven.ext.class.path" value="/app/extra/idea-IU/plugins/maven/lib/maven-event-listener.jar"/>
    <property name="java.awt.printerjob" value="sun.print.PSPrinterJob"/>
    <property name="jdk.extensions.name" value="Extensions for OpenJDK for Eclipse OpenJ9"/>
    <property name="sun.io.unicode.encoding" value="UnicodeLittle"/>
    <property name="awt.toolkit" value="sun.awt.X11.XToolkit"/>
    <property name="ibm.signalhandling.sigint" value="true"/>
    <property name="user.home" value="/home/denis"/>
    <property name="com.ibm.cpu.endian" value="little"/>
    <property name="java.specification.vendor" value="Oracle Corporation"/>
    <property name="ibm.signalhandling.sigchain" value="true"/>
    <property name="java.library.path" value="/home/denis/.sdkman/candidates/java/8.0.265.j9-adpt/jre/lib/amd64/compressedrefs:/home/denis/.sdkman/candidates/java/8.0.265.j9-adpt/jre/lib/amd64:/usr/lib64:/usr/lib"/>
    <property name="java.vendor.url" value="http://www.eclipse.org/openj9"/>
    <property name="java.vm.vendor" value="Eclipse OpenJ9"/>
    <property name="java.fullversion" value="1.8.0_265-b01
JRE 1.8.0 Linux amd64-64-Bit Compressed References 20200728_727 (JIT enabled, AOT enabled)
OpenJ9   - 34cf4c075
OMR      - 113e54219
JCL      - c82ff0c20f based on jdk8u265-b01"/>
    <property name="maven.home" value="/app/extra/idea-IU/plugins/maven/lib/maven3"/>
    <property name="java.runtime.name" value="OpenJDK Runtime Environment"/>
    <property name="sun.java.command" value="org.codehaus.classworlds.Launcher -Didea.version=2020.2.1 clean install"/>
    <property name="java.class.path" value="/app/extra/idea-IU/plugins/maven/lib/maven3/boot/plexus-classworlds-2.6.0.jar:/app/extra/idea-IU/plugins/maven/lib/maven3/boot/plexus-classworlds.license:/app/extra/idea-IU/lib/idea_rt.jar:/app/extra/idea-IU/lib/idea_rt.jar"/>
    <property name="java.vm.specification.name" value="Java Virtual Machine Specification"/>
    <property name="sun.java.launcher.pid" value="681"/>
    <property name="java.vm.specification.version" value="1.8"/>
    <property name="sun.cpu.endian" value="little"/>
    <property name="java.io.tmpdir" value="/run/user/1000/app/com.jetbrains.IntelliJ-IDEA-Ultimate"/>
    <property name="maven.multiModuleProjectDirectory" value="/home/denis/Downloads/javaProjects/sberTest"/>
    <property name="ibm.system.encoding" value="UTF-8"/>
    <property name="os.arch" value="amd64"/>
    <property name="java.awt.graphicsenv" value="sun.awt.X11GraphicsEnvironment"/>
    <property name="ibm.signalhandling.rs" value="false"/>
    <property name="java.ext.dirs" value="/home/denis/.sdkman/candidates/java/8.0.265.j9-adpt/jre/lib/ext"/>
    <property name="user.dir" value="/home/denis/Downloads/javaProjects/sberTest"/>
    <property name="line.separator" value="
"/>
    <property name="java.vm.name" value="Eclipse OpenJ9 VM"/>
    <property name="com.ibm.oti.shared.enabled" value="false"/>
    <property name="com.ibm.vm.bitmode" value="64"/>
    <property name="file.encoding" value="UTF-8"/>
    <property name="com.ibm.oti.configuration" value="scar"/>
    <property name="java.specification.version" value="1.8"/>
  </properties>
  <testcase classname="ru.sidorenko.app.service.DocumentServiceImplTest" name="getPassportInfo" time="0.004"/>
  <testcase classname="ru.sidorenko.app.service.DocumentServiceImplTest" name="getInnInfo" time="0.008"/>
  <testcase classname="ru.sidorenko.app.service.DocumentServiceImplTest" name="getDriverLicenseInfo" time="0.017"/>
</testsuite>